Determining if the pthread_create exist failed with the following output:
Change Dir: /home/rosmgr/quimal/build/CMakeFiles/CMakeTmp

Run Build Command:/usr/bin/make "cmTryCompileExec2788227617/fast"
/usr/bin/make -f CMakeFiles/cmTryCompileExec2788227617.dir/build.make CMakeFiles/cmTryCompileExec2788227617.dir/build
make[1]: se ingresa al directorio `/home/rosmgr/quimal/build/CMakeFiles/CMakeTmp'
/usr/bin/cmake -E cmake_progress_report /home/rosmgr/quimal/build/CMakeFiles/CMakeTmp/CMakeFiles 1
Building C object CMakeFiles/cmTryCompileExec2788227617.dir/CheckSymbolExists.c.o
/usr/bin/gcc    -o CMakeFiles/cmTryCompileExec2788227617.dir/CheckSymbolExists.c.o   -c /home/rosmgr/quimal/build/CMakeFiles/CMakeTmp/CheckSymbolExists.c
Linking C executable cmTryCompileExec2788227617
/usr/bin/cmake -E cmake_link_script CMakeFiles/cmTryCompileExec2788227617.dir/link.txt --verbose=1
/usr/bin/gcc         CMakeFiles/cmTryCompileExec2788227617.dir/CheckSymbolExists.c.o  -o cmTryCompileExec2788227617 -rdynamic 
CMakeFiles/cmTryCompileExec2788227617.dir/CheckSymbolExists.c.o: In function `main':
CheckSymbolExists.c:(.text+0x38): undefined reference to `pthread_create'
collect2: ld returned 1 exit status
make[1]: *** [cmTryCompileExec2788227617] Error 1
make[1]: se sale del directorio `/home/rosmgr/quimal/build/CMakeFiles/CMakeTmp'
make: *** [cmTryCompileExec2788227617/fast] Error 2

File /home/rosmgr/quimal/build/CMakeFiles/CMakeTmp/CheckSymbolExists.c:
/* */
#include <pthread.h>

int main(int argc, char** argv)
{
  (void)argv;
#ifndef pthread_create
  return ((int*)(&pthread_create))[argc];
#else
  (void)argc;
  return 0;
#endif
}

Determining if the function pthread_create exists in the pthreads failed with the following output:
Change Dir: /home/rosmgr/quimal/build/CMakeFiles/CMakeTmp

Run Build Command:/usr/bin/make "cmTryCompileExec1779168590/fast"
/usr/bin/make -f CMakeFiles/cmTryCompileExec1779168590.dir/build.make CMakeFiles/cmTryCompileExec1779168590.dir/build
make[1]: se ingresa al directorio `/home/rosmgr/quimal/build/CMakeFiles/CMakeTmp'
/usr/bin/cmake -E cmake_progress_report /home/rosmgr/quimal/build/CMakeFiles/CMakeTmp/CMakeFiles 1
Building C object CMakeFiles/cmTryCompileExec1779168590.dir/CheckFunctionExists.c.o
/usr/bin/gcc   -DCHECK_FUNCTION_EXISTS=pthread_create   -o CMakeFiles/cmTryCompileExec1779168590.dir/CheckFunctionExists.c.o   -c /usr/share/cmake-2.8/Modules/CheckFunctionExists.c
Linking C executable cmTryCompileExec1779168590
/usr/bin/cmake -E cmake_link_script CMakeFiles/cmTryCompileExec1779168590.dir/link.txt --verbose=1
/usr/bin/gcc     -DCHECK_FUNCTION_EXISTS=pthread_create    CMakeFiles/cmTryCompileExec1779168590.dir/CheckFunctionExists.c.o  -o cmTryCompileExec1779168590 -rdynamic -lpthreads 
/usr/bin/ld: cannot find -lpthreads
collect2: ld returned 1 exit status
make[1]: se sale del directorio `/home/rosmgr/quimal/build/CMakeFiles/CMakeTmp'
make[1]: *** [cmTryCompileExec1779168590] Error 1
make: *** [cmTryCompileExec1779168590/fast] Error 2


